<?xml version="1.0" encoding="UTF-8"?>
<!-- Generated by org.testng.reporters.JUnitXMLReporter -->
<testsuite ignored="0" hostname="aziza" failures="0" tests="6" name="Test" time="0.089" errors="0" timestamp="2023-09-11T19:56:19 EDT">
  <testcase classname="testNG_day1.prioritizeTests" name="loginWithValidUsernameValidPassword" time="0.01"/>
  <testcase classname="testNG_day1.prioritizeTests" name="loginWithValidUsernameInvalidPasword" time="0.001"/>
  <testcase classname="testNG_day1.prioritizeTests" name="loginWithInvalidEmailFormat" time="0.003"/>
  <testcase classname="testNG_day1.prioritizeTests" name="loginWithIValidUsernameInvalidPasword" time="0.002"/>
  <testcase classname="testNG_day1.igonringTest" name="test1" time="0.002"/>
  <testcase classname="testNG_day1.igonringTest" name="test2" time="0.001"/>
</testsuite> <!-- Test -->
